1 : found word "Lexy/莱克" with type: "B", Formatted:2175, Lexy/莱克, B, null, appx, null
2 : found word "Lotto/乐途" with type: "B", Formatted:2202, Lotto/乐途, B, null, clth, null
3 : found word "lenovo/联想" with type: "B", Formatted:3965, lenovo/联想, B, null, elex|appx, null
4 : found word "malata/万利达" with type: "B", Formatted:3972, malata/万利达, B, null, appx, null
5 : found word "neso" with type: "B", Formatted:3992, neso, B, null, elex, null
6 : found word "nike/耐克" with type: "B", Formatted:3996, nike/耐克, B, null, csmt, null
7 : found word "newsmy/纽曼" with type: "B", Formatted:3994, newsmy/纽曼, B, null, appx, null
8 : found word "nuoerjian" with type: "B", Formatted:3999, nuoerjian, B, null, clth, null
9 : found word "oppo" with type: "B", Formatted:4015, oppo, B, null, appx, null
10 : found word "Oral-B/欧乐B" with type: "B", Formatted:2707, Oral-B/欧乐B, B, null, appx, null
11 : found word "ochirly/欧时力" with type: "B", Formatted:4003, ochirly/欧时力, B, null, bags, null
12 : found word "Pampers/帮宝适" with type: "B", Formatted:2834, Pampers/帮宝适, B, null, baby, null
13 : found word "Panasonic/松下" with type: "B", Formatted:2835, Panasonic/松下, B, null, elex|appx, null
14 : found word "Philips/飞利浦" with type: "B", Formatted:2866, Philips/飞利浦, B, null, elex|appx, null
15 : found word "Polaroid/宝丽来" with type: "B", Formatted:2889, Polaroid/宝丽来, B, null, appx|bags, null
16 : found word "polo衫" with type: "T", Formatted:91914, polo衫, T, null, outd, null
17 : found word "Prada/普拉达" with type: "B", Formatted:2899, Prada/普拉达, B, null, csmt, null
18 : found word "purcotton/全棉时代" with type: "B", Formatted:4028, purcotton/全棉时代, B, null, csmt, null
19 : found word "Sansui/山水" with type: "B", Formatted:3251, Sansui/山水, B, null, elex, null
20 : found word "SHiSEM" with type: "B", Formatted:3135, SHiSEM, B, null, csmt, null
21 : found word "Siemens/西门子" with type: "B", Formatted:3287, Siemens/西门子, B, null, appx, null
22 : found word "Skyworth/创维" with type: "B", Formatted:3323, Skyworth/创维, B, null, elex, null
23 : found word "Snoopy/史努比" with type: "B", Formatted:3327, Snoopy/史努比, B, null, bags, null
24 : found word "Sony/索尼" with type: "B", Formatted:3336, Sony/索尼, B, null, elex, null
25 : found word "The Rose Shop" with type: "B", Formatted:3483, The Rose Shop, B, null, csmt, null
26 : found word "Tiffany/蒂芙尼" with type: "B", Formatted:3493, Tiffany/蒂芙尼, B, null, csmt, null
27 : found word "Toread/探路者" with type: "B", Formatted:91815, Toread/探路者, B, null, outd, null
28 : found word "The one" with type: "B", Formatted:3484, The one, B, null, bags, null
29 : found word "T恤" with type: "T", Formatted:91907, T恤, T, T-恤|T桖, outd, null
30 : found word "Urara/悠莱" with type: "B", Formatted:3568, Urara/悠莱, B, null, csmt, null
31 : found word "uumu" with type: "B", Formatted:4071, uumu, B, null, clth, null
32 : found word "Versace/范思哲" with type: "B", Formatted:3625, Versace/范思哲, B, null, csmt, null
33 : found word "Vinda/维达" with type: "B", Formatted:3640, Vinda/维达, B, null, baby, null
34 : found word "Viewsonic/优派" with type: "B", Formatted:3636, Viewsonic/优派, B, null, elex, null
35 : found word "V领衫" with type: "T", Formatted:91910, V领衫, T, null, outd, null
36 : found word "Wyeth/惠氏" with type: "B", Formatted:3704, Wyeth/惠氏, B, null, baby, null
37 : found word "七分裤" with type: "T", Formatted:91917, 七分裤, T, null, outd, null
38 : found word "上衣" with type: "T", Formatted:91925, 上衣, T, null, outd, null
39 : found word "两用包" with type: "T", Formatted:91928, 两用包, T, null, outd, null
40 : found word "中帮鞋" with type: "T", Formatted:91931, 中帮鞋, T, null, outd, null
41 : found word "中裙" with type: "T", Formatted:91935, 中裙, T, null, outd, null
42 : found word "中裤" with type: "T", Formatted:91936, 中裤, T, null, outd, null
43 : found word "中靴" with type: "T", Formatted:91937, 中靴, T, null, outd, null
44 : found word "九分裤" with type: "T", Formatted:91949, 九分裤, T, null, outd, null
45 : found word "乳液" with type: "T", Formatted:91953, 乳液, T, null, outd, null
46 : found word "乳霜" with type: "T", Formatted:91955, 乳霜, T, null, outd, null
47 : found word "亮肤露" with type: "T", Formatted:91958, 亮肤露, T, null, outd, null
48 : found word "休闲包" with type: "T", Formatted:91963, 休闲包, T, null, outd, null
49 : found word "休闲装" with type: "T", Formatted:91967, 休闲装, T, null, outd, null
50 : found word "休闲裤" with type: "T", Formatted:91968, 休闲裤, T, null, outd, null
51 : found word "休闲鞋" with type: "T", Formatted:91969, 休闲鞋, T, null, outd, null
52 : found word "伞" with type: "T", Formatted:12142, 伞, T, null, bags|home, null
53 : found word "伞" with type: "T", Formatted:91970, 伞, T, null, outd, null
54 : found word "低帮鞋" with type: "T", Formatted:91977, 低帮鞋, T, null, outd, null
55 : found word "保暖裤" with type: "T", Formatted:92005, 保暖裤, T, null, outd, null
56 : found word "保湿乳" with type: "T", Formatted:92015, 保湿乳, T, null, outd, null
57 : found word "保湿霜" with type: "T", Formatted:92017, 保湿霜, T, null, outd, null
58 : found word "保湿露" with type: "T", Formatted:92018, 保湿露, T, null, outd, null
59 : found word "修护液" with type: "T", Formatted:92026, 修护液, T, null, outd, null
60 : found word "修护霜" with type: "T", Formatted:92028, 修护霜, T, null, outd, null
61 : found word "修护露" with type: "T", Formatted:92029, 修护露, T, null, outd, null
62 : found word "健身车" with type: "T", Formatted:92055, 健身车, T, null, outd, null
63 : found word "健身鞋" with type: "T", Formatted:92056, 健身鞋, T, null, outd, null
64 : found word "八分裤" with type: "T", Formatted:92067, 八分裤, T, null, outd, null
65 : found word "公文包" with type: "T", Formatted:92070, 公文包, T, null, outd, null
66 : found word "内衣" with type: "T", Formatted:92079, 内衣, T, null, outd, null
67 : found word "内裤" with type: "T", Formatted:92080, 内裤, T, null, outd, null
68 : found word "军靴" with type: "T", Formatted:92087, 军靴, T, null, outd, null
69 : found word "净肤乳" with type: "T", Formatted:92112, 净肤乳, T, null, outd, null
70 : found word "凉拖" with type: "T", Formatted:92114, 凉拖, T, null, outd, null
71 : found word "凉鞋" with type: "T", Formatted:92116, 凉鞋, T, null, outd, null
72 : found word "刀片" with type: "T", Formatted:92126, 刀片, T, null, outd, null
73 : found word "剃须刀" with type: "T", Formatted:90730, 剃须刀, T, null, csmt|appx, null
74 : found word "剃须膏" with type: "T", Formatted:92144, 剃须膏, T, null, outd, null
75 : found word "化妆包" with type: "T", Formatted:12176, 化妆包, T, null, csmt|bags|home, null
76 : found word "化妆包" with type: "T", Formatted:92164, 化妆包, T, null, outd, null
77 : found word "半身裙" with type: "T", Formatted:92174, 半身裙, T, null, outd, null
78 : found word "单肩包" with type: "T", Formatted:92176, 单肩包, T, null, outd, null
79 : found word "卡包" with type: "T", Formatted:92181, 卡包, T, null, outd, null
80 : found word "卫衣" with type: "T", Formatted:92189, 卫衣, T, null, outd, null
81 : found word "卫裤" with type: "T", Formatted:92190, 卫裤, T, null, outd, null
82 : found word "卸妆水" with type: "T", Formatted:92193, 卸妆水, T, null, outd, null
83 : found word "卸妆液" with type: "T", Formatted:92194, 卸妆液, T, null, outd, null
84 : found word "吊坠" with type: "T", Formatted:12199, 吊坠, T, null, bags|home, null
85 : found word "吊坠" with type: "T", Formatted:92232, 吊坠, T, null, outd, null
86 : found word "吊带" with type: "T", Formatted:92233, 吊带, T, null, outd, null
87 : found word "名片夹" with type: "T", Formatted:92237, 名片夹, T, null, outd, null
88 : found word "吸油纸" with type: "T", Formatted:92248, 吸油纸, T, null, outd, null
89 : found word "哈伦裤" with type: "T", Formatted:92260, 哈伦裤, T, null, outd, null
90 : found word "唇膏" with type: "T", Formatted:92264, 唇膏, T, null, outd, null
91 : found word "唇膜" with type: "T", Formatted:92265, 唇膜, T, null, outd, null
92 : found word "唇蜜" with type: "T", Formatted:92266, 唇蜜, T, null, outd, null
93 : found word "围巾" with type: "T", Formatted:92279, 围巾, T, null, outd, null
94 : found word "围裙" with type: "T", Formatted:12210, 围裙, T, null, home|baby, null
95 : found word "塑身衣" with type: "T", Formatted:92313, 塑身衣, T, null, outd, null
96 : found word "复古鞋" with type: "T", Formatted:92319, 复古鞋, T, null, outd, null
97 : found word "外套" with type: "T", Formatted:92321, 外套, T, null, outd, null
98 : found word "大衣" with type: "T", Formatted:92331, 大衣, T, null, outd, null
99 : found word "太空杯" with type: "T", Formatted:12229, 太空杯, T, null, csmt|home, null
100 : found word "夹克" with type: "T", Formatted:92344, 夹克, T, null, outd, null
101 : found word "套头衫" with type: "T", Formatted:92348, 套头衫, T, null, outd, null
102 : found word "套衫" with type: "T", Formatted:92352, 套衫, T, null, outd, null
103 : found word "套装" with type: "T", Formatted:92354, 套装, T, null, outd, null
104 : found word "女表" with type: "T", Formatted:92358, 女表, T, null, outd, null
105 : found word "女袜" with type: "T", Formatted:92359, 女袜, T, null, outd, null
106 : found word "女装" with type: "T", Formatted:92360, 女装, T, null, outd, null
107 : found word "女裤" with type: "T", Formatted:92361, 女裤, T, null, outd, null
108 : found word "女靴" with type: "T", Formatted:92363, 女靴, T, null, outd, null
109 : found word "女鞋" with type: "T", Formatted:92364, 女鞋, T, null, outd, null
110 : found word "奶粉" with type: "T", Formatted:10913, 奶粉, T, null, food|baby, null
111 : found word "小脚裤" with type: "T", Formatted:92397, 小脚裤, T, null, outd, null
112 : found word "布鞋" with type: "T", Formatted:92417, 布鞋, T, null, outd, null
113 : found word "帽子" with type: "T", Formatted:92424, 帽子, T, null, outd, null
114 : found word "帽衫" with type: "T", Formatted:92425, 帽衫, T, null, outd, null
115 : found word "平底鞋" with type: "T", Formatted:92428, 平底鞋, T, null, outd, null
116 : found word "平脚裤" with type: "T", Formatted:92429, 平脚裤, T, null, outd, null
117 : found word "底液" with type: "T", Formatted:92439, 底液, T, null, outd, null
118 : found word "座椅" with type: "T", Formatted:92446, 座椅, T, null, outd, null
119 : found word "开衫" with type: "T", Formatted:92448, 开衫, T, null, outd, null
120 : found word "户外鞋" with type: "T", Formatted:92486, 户外鞋, T, null, outd, null
121 : found word "手套" with type: "T", Formatted:12270, 手套, T, null, bags|home, null
122 : found word "手套" with type: "T", Formatted:92491, 手套, T, null, outd, null
123 : found word "手提包" with type: "T", Formatted:92497, 手提包, T, null, outd, null
124 : found word "手机袋" with type: "T", Formatted:92503, 手机袋, T, null, outd, null
125 : found word "手机链" with type: "T", Formatted:12272, 手机链, T, null, bags|home|cars, null
126 : found word "手机链" with type: "T", Formatted:92505, 手机链, T, null, outd, null
127 : found word "手链" with type: "T", Formatted:92520, 手链, T, null, outd, null
128 : found word "打底衫" with type: "T", Formatted:92525, 打底衫, T, null, outd, null
129 : found word "打底裤" with type: "T", Formatted:92526, 打底裤, T, null, outd, null
130 : found word "打气筒" with type: "T", Formatted:92529, 打气筒, T, null, outd, null
131 : found word "抗皱霜" with type: "T", Formatted:92546, 抗皱霜, T, null, outd, null
132 : found word "护手霜" with type: "T", Formatted:92569, 护手霜, T, null, outd, null
133 : found word "护理油" with type: "T", Formatted:92575, 护理油, T, null, outd, null
134 : found word "护理露" with type: "T", Formatted:92577, 护理露, T, null, outd, null
135 : found word "护肤霜" with type: "T", Formatted:92580, 护肤霜, T, null, outd, null
136 : found word "拉杆包" with type: "T", Formatted:92607, 拉杆包, T, null, outd, null
137 : found word "拉杆箱" with type: "T", Formatted:92608, 拉杆箱, T, null, outd, null
138 : found word "拖鞋" with type: "T", Formatted:12294, 拖鞋, T, null, clth|home, null
139 : found word "拖鞋" with type: "T", Formatted:92617, 拖鞋, T, null, outd, null
140 : found word "挂脖裙" with type: "T", Formatted:92629, 挂脖裙, T, null, outd, null
141 : found word "按摩器" with type: "T", Formatted:90848, 按摩器, T, null, csmt|appx, null
142 : found word "按摩器" with type: "T", Formatted:92636, 按摩器, T, null, outd, null
143 : found word "按摩棒" with type: "T", Formatted:90854, 按摩棒, T, null, csmt|appx, null
144 : found word "按摩油" with type: "T", Formatted:92639, 按摩油, T, null, outd, null
145 : found word "按摩霜" with type: "T", Formatted:92640, 按摩霜, T, null, outd, null
146 : found word "挎包" with type: "T", Formatted:92642, 挎包, T, null, outd, null
147 : found word "摄影包" with type: "T", Formatted:92663, 摄影包, T, null, outd, null
148 : found word "文化衫" with type: "T", Formatted:92710, 文化衫, T, null, outd, null
149 : found word "文胸" with type: "T", Formatted:92711, 文胸, T, null, outd, null
150 : found word "斜挎包" with type: "T", Formatted:92712, 斜挎包, T, null, outd, null
151 : found word "斜跨包" with type: "T", Formatted:92713, 斜跨包, T, null, outd, null
152 : found word "旅行包" with type: "T", Formatted:92719, 旅行包, T, null, outd, null
153 : found word "旅行袋" with type: "T", Formatted:92722, 旅行袋, T, null, outd, null
154 : found word "日霜" with type: "T", Formatted:92725, 日霜, T, null, outd, null
155 : found word "晚霜" with type: "T", Formatted:92728, 晚霜, T, null, outd, null
156 : found word "机械表" with type: "T", Formatted:92734, 机械表, T, null, outd, null
157 : found word "板鞋" with type: "T", Formatted:92752, 板鞋, T, null, outd, null
158 : found word "柔肤水" with type: "T", Formatted:92756, 柔肤水, T, null, outd, null
159 : found word "梳子" with type: "T", Formatted:12347, 梳子, T, null, csmt|home, null
160 : found word "棉服" with type: "T", Formatted:92768, 棉服, T, null, outd, null
161 : found word "棉衣" with type: "T", Formatted:92772, 棉衣, T, null, outd, null
162 : found word "棉袄" with type: "T", Formatted:92773, 棉袄, T, null, outd, null
163 : found word "棉袜" with type: "T", Formatted:92774, 棉袜, T, null, outd, null
164 : found word "棉裤" with type: "T", Formatted:92775, 棉裤, T, null, outd, null
165 : found word "棉鞋" with type: "T", Formatted:12353, 棉鞋, T, null, clth|home, null
166 : found word "棉鞋" with type: "T", Formatted:92777, 棉鞋, T, null, outd, null
167 : found word "棒球帽" with type: "T", Formatted:92783, 棒球帽, T, null, outd, null
168 : found word "橄榄油" with type: "T", Formatted:11149, 橄榄油, T, null, csmt|food, null
169 : found word "止汗露" with type: "T", Formatted:92797, 止汗露, T, null, outd, null
170 : found word "比基尼" with type: "T", Formatted:92806, 比基尼, T, null, outd, null
171 : found word "毛衣" with type: "T", Formatted:92814, 毛衣, T, null, outd, null
172 : found word "毛衫" with type: "T", Formatted:92815, 毛衫, T, null, outd, null
173 : found word "沐浴霜" with type: "T", Formatted:92851, 沐浴霜, T, null, outd, null
174 : found word "沙滩裤" with type: "T", Formatted:92855, 沙滩裤, T, null, outd, null
175 : found word "沙滩鞋" with type: "T", Formatted:12376, 沙滩鞋, T, null, clth|home, null
176 : found word "沙滩鞋" with type: "T", Formatted:92856, 沙滩鞋, T, null, outd, null
177 : found word "泳裤" with type: "T", Formatted:92872, 泳裤, T, null, outd, null
178 : found word "洁肤乳" with type: "T", Formatted:92875, 洁肤乳, T, null, outd, null
179 : found word "洁肤液" with type: "T", Formatted:92876, 洁肤液, T, null, outd, null
180 : found word "洁肤露" with type: "T", Formatted:92877, 洁肤露, T, null, outd, null
181 : found word "洁面乳" with type: "T", Formatted:92878, 洁面乳, T, null, outd, null
182 : found word "洞洞鞋" with type: "T", Formatted:92885, 洞洞鞋, T, null, outd, null
183 : found word "海斯莱福 " with type: "B", Formatted:7564, 海斯莱福 , B, null, baby, null
184 : found word "润手霜" with type: "T", Formatted:92916, 润手霜, T, null, outd, null
185 : found word "润肤乳" with type: "T", Formatted:92917, 润肤乳, T, null, outd, null
186 : found word "润肤液" with type: "T", Formatted:92918, 润肤液, T, null, outd, null
187 : found word "润肤膏" with type: "T", Formatted:92919, 润肤膏, T, null, outd, null
188 : found word "润肤霜" with type: "T", Formatted:92920, 润肤霜, T, null, outd, null
189 : found word "润肤露" with type: "T", Formatted:92921, 润肤露, T, null, outd, null
190 : found word "清洁剂" with type: "T", Formatted:92923, 清洁剂, T, null, outd, null
191 : found word "湿巾" with type: "T", Formatted:92941, 湿巾, T, null, outd, null
192 : found word "滋润霜" with type: "T", Formatted:92943, 滋润霜, T, null, outd, null
193 : found word "潜水表" with type: "T", Formatted:92967, 潜水表, T, null, outd, null
194 : found word "热裤" with type: "T", Formatted:93010, 热裤, T, null, outd, null
195 : found word "爽肤水" with type: "T", Formatted:93017, 爽肤水, T, null, outd, null
196 : found word "牙刷" with type: "T", Formatted:12408, 牙刷, T, null, csmt|home, null
197 : found word "牛仔裤" with type: "T", Formatted:93020, 牛仔裤, T, null, outd, null
198 : found word "玫瑰水" with type: "T", Formatted:93026, 玫瑰水, T, null, outd, null
199 : found word "珍珠粉" with type: "T", Formatted:11315, 珍珠粉, T, null, csmt|food|baby, null
200 : found word "球衣" with type: "T", Formatted:93034, 球衣, T, null, outd, null
201 : found word "球鞋" with type: "T", Formatted:93038, 球鞋, T, null, outd, null
202 : found word "瑜伽服" with type: "T", Formatted:93043, 瑜伽服, T, null, outd, null
203 : found word "瑜珈垫" with type: "T", Formatted:93048, 瑜珈垫, T, null, outd, null
204 : found word "电动车" with type: "T", Formatted:93059, 电动车, T, null, outd, null
205 : found word "电脑包" with type: "T", Formatted:12422, 电脑包, T, null, bags|home, null
206 : found word "电脑包" with type: "T", Formatted:93068, 电脑包, T, null, outd, null
207 : found word "男表" with type: "T", Formatted:93076, 男表, T, null, outd, null
208 : found word "男袜" with type: "T", Formatted:93077, 男袜, T, null, outd, null
209 : found word "男装" with type: "T", Formatted:93078, 男装, T, null, outd, null
210 : found word "男裤" with type: "T", Formatted:93079, 男裤, T, null, outd, null
211 : found word "男靴" with type: "T", Formatted:93080, 男靴, T, null, outd, null
212 : found word "男鞋" with type: "T", Formatted:93081, 男鞋, T, null, outd, null
213 : found word "皮带" with type: "T", Formatted:93092, 皮带, T, null, outd, null
214 : found word "皮衣" with type: "T", Formatted:93095, 皮衣, T, null, outd, null
215 : found word "皮靴" with type: "T", Formatted:93096, 皮靴, T, null, outd, null
216 : found word "皮鞋" with type: "T", Formatted:93097, 皮鞋, T, null, outd, null
217 : found word "益生菌" with type: "T", Formatted:11376, 益生菌, T, null, food|baby, null
218 : found word "盛唐本草 " with type: "B", Formatted:8278, 盛唐本草 , B, null, baby, null
219 : found word "眼膜" with type: "T", Formatted:93110, 眼膜, T, null, outd, null
220 : found word "眼镜" with type: "T", Formatted:93111, 眼镜, T, null, outd, null
221 : found word "眼霜" with type: "T", Formatted:93113, 眼霜, T, null, outd, null
222 : found word "睡衣" with type: "T", Formatted:12439, 睡衣, T, null, csmt|clth|home, null
223 : found word "睡袍" with type: "T", Formatted:12440, 睡袍, T, null, clth|home, null
224 : found word "睡袍" with type: "T", Formatted:93114, 睡袍, T, null, outd, null
225 : found word "短T" with type: "T", Formatted:93115, 短T, T, null, outd, null
226 : found word "短袖" with type: "T", Formatted:93116, 短袖, T, null, outd, null
227 : found word "短袜" with type: "T", Formatted:93118, 短袜, T, null, outd, null
228 : found word "短裙" with type: "T", Formatted:93119, 短裙, T, null, outd, null
229 : found word "短裤" with type: "T", Formatted:93120, 短裤, T, null, outd, null
230 : found word "石英表" with type: "T", Formatted:93124, 石英表, T, null, outd, null
231 : found word "硫化鞋" with type: "T", Formatted:93127, 硫化鞋, T, null, outd, null
232 : found word "磨砂膏" with type: "T", Formatted:93137, 磨砂膏, T, null, outd, null
233 : found word "礼盒" with type: "T", Formatted:12451, 礼盒, T, null, , null
234 : found word "礼盒" with type: "T", Formatted:90999, 礼盒, T, null, csmt|appx|home, null
235 : found word "秋千" with type: "T", Formatted:93141, 秋千, T, null, outd, null
236 : found word "秋衣" with type: "T", Formatted:93142, 秋衣, T, null, outd, null
237 : found word "秒表" with type: "T", Formatted:93143, 秒表, T, null, outd, null
238 : found word "童装" with type: "T", Formatted:93149, 童装, T, null, outd, null
239 : found word "箱包" with type: "T", Formatted:93162, 箱包, T, null, outd, null
240 : found word "篮球鞋" with type: "T", Formatted:93166, 篮球鞋, T, null, outd, null
241 : found word "粉条" with type: "T", Formatted:11408, 粉条, T, null, csmt|food, null
242 : found word "粉饼" with type: "T", Formatted:93168, 粉饼, T, null, outd, null
243 : found word "精华油" with type: "T", Formatted:93169, 精华油, T, null, outd, null
244 : found word "精华液" with type: "T", Formatted:93170, 精华液, T, null, outd, null
245 : found word "精华素" with type: "T", Formatted:93172, 精华素, T, null, outd, null
246 : found word "精油" with type: "T", Formatted:93173, 精油, T, null, outd, null
247 : found word "紧肤水" with type: "T", Formatted:93176, 紧肤水, T, null, outd, null
248 : found word "紧肤霜" with type: "T", Formatted:93177, 紧肤霜, T, null, outd, null
249 : found word "紧身衣" with type: "T", Formatted:93179, 紧身衣, T, null, outd, null
250 : found word "紧身裤" with type: "T", Formatted:93180, 紧身裤, T, null, outd, null
251 : found word "纱裙" with type: "T", Formatted:93191, 纱裙, T, null, outd, null
252 : found word "线衣" with type: "T", Formatted:93197, 线衣, T, null, outd, null
253 : found word "线衫" with type: "T", Formatted:93198, 线衫, T, null, outd, null
254 : found word "绒裤" with type: "T", Formatted:93206, 绒裤, T, null, outd, null
255 : found word "维他命" with type: "T", Formatted:11476, 维他命, T, null, csmt|food, null
256 : found word "维生素" with type: "T", Formatted:11478, 维生素, T, null, csmt|food|baby, null
257 : found word "网球鞋" with type: "T", Formatted:93221, 网球鞋, T, null, outd, null
258 : found word "羊绒衫" with type: "T", Formatted:93224, 羊绒衫, T, null, outd, null
259 : found word "羽绒服" with type: "T", Formatted:93233, 羽绒服, T, null, outd, null
260 : found word "肚兜" with type: "T", Formatted:93246, 肚兜, T, null, outd, null
261 : found word "肩包" with type: "T", Formatted:93248, 肩包, T, null, outd, null
262 : found word "背带裤" with type: "T", Formatted:93254, 背带裤, T, null, outd, null
263 : found word "背心" with type: "T", Formatted:93255, 背心, T, null, outd, null
264 : found word "胶囊" with type: "T", Formatted:11543, 胶囊, T, null, csmt|food|baby, null
265 : found word "胶囊" with type: "T", Formatted:93259, 胶囊, T, null, outd, null
266 : found word "胶水" with type: "T", Formatted:93262, 胶水, T, null, outd, null
267 : found word "胸包" with type: "T", Formatted:93263, 胸包, T, null, outd, null
268 : found word "腕表" with type: "T", Formatted:93276, 腕表, T, null, outd, null
269 : found word "腰包" with type: "T", Formatted:93277, 腰包, T, null, outd, null
270 : found word "腰带" with type: "T", Formatted:93278, 腰带, T, null, outd, null
271 : found word "腰链" with type: "T", Formatted:93280, 腰链, T, null, outd, null
272 : found word "自行车" with type: "T", Formatted:93292, 自行车, T, null, outd, null
273 : found word "舞蹈鞋" with type: "T", Formatted:93299, 舞蹈鞋, T, null, outd, null
274 : found word "船袜" with type: "T", Formatted:93303, 船袜, T, null, outd, null
275 : found word "芦荟胶" with type: "T", Formatted:11585, 芦荟胶, T, null, csmt|food, null
276 : found word "营养液" with type: "T", Formatted:11662, 营养液, T, null, csmt|food, null
277 : found word "营养粉" with type: "T", Formatted:11663, 营养粉, T, null, food|baby, null
278 : found word "营养素" with type: "T", Formatted:11664, 营养素, T, null, csmt|food, null
279 : found word "营养霜" with type: "T", Formatted:93320, 营养霜, T, null, outd, null
280 : found word "衬衫" with type: "T", Formatted:93343, 衬衫, T, null, outd, null
281 : found word "裙子" with type: "T", Formatted:93356, 裙子, T, null, outd, null
282 : found word "裤子" with type: "T", Formatted:93357, 裤子, T, null, outd, null
283 : found word "裤袜" with type: "T", Formatted:93358, 裤袜, T, null, outd, null
284 : found word "西服" with type: "T", Formatted:93359, 西服, T, null, outd, null
285 : found word "西裤" with type: "T", Formatted:93360, 西裤, T, null, outd, null
286 : found word "训练裤" with type: "T", Formatted:93382, 训练裤, T, null, outd, null
287 : found word "训练鞋" with type: "T", Formatted:93383, 训练鞋, T, null, outd, null
288 : found word "贴纸" with type: "T", Formatted:12535, 贴纸, T, null, csmt|home|cars, null
289 : found word "足球鞋" with type: "T", Formatted:93419, 足球鞋, T, null, outd, null
290 : found word "跑步鞋" with type: "T", Formatted:93429, 跑步鞋, T, null, outd, null
291 : found word "跑鞋" with type: "T", Formatted:93434, 跑鞋, T, null, outd, null
292 : found word "躺椅" with type: "T", Formatted:93458, 躺椅, T, null, outd, null
293 : found word "软糖" with type: "T", Formatted:11809, 软糖, T, null, food|baby, null
294 : found word "软膏" with type: "T", Formatted:93491, 软膏, T, null, outd, null
295 : found word "运动服" with type: "T", Formatted:93504, 运动服, T, null, outd, null
296 : found word "运动衣" with type: "T", Formatted:93507, 运动衣, T, null, outd, null
297 : found word "运动袜" with type: "T", Formatted:93509, 运动袜, T, null, outd, null
298 : found word "运动裤" with type: "T", Formatted:93512, 运动裤, T, null, outd, null
299 : found word "运动鞋" with type: "T", Formatted:93513, 运动鞋, T, null, outd, null
300 : found word "连衣裙" with type: "T", Formatted:93519, 连衣裙, T, null, outd, null
301 : found word "连身裙" with type: "T", Formatted:93520, 连身裙, T, null, outd, null
302 : found word "迷你裙" with type: "T", Formatted:93522, 迷你裙, T, null, outd, null
303 : found word "通勤包" with type: "T", Formatted:93533, 通勤包, T, null, outd, null
304 : found word "酒壶" with type: "T", Formatted:93549, 酒壶, T, null, outd, null
305 : found word "酱油" with type: "T", Formatted:11831, 酱油, T, null, food|baby, null
306 : found word "金装膳儿加 " with type: "T", Formatted:9903, 金装膳儿加 , T, null, baby, null
307 : found word "针织衫" with type: "T", Formatted:93566, 针织衫, T, null, outd, null
308 : found word "针织裤" with type: "T", Formatted:93567, 针织裤, T, null, outd, null
309 : found word "钉鞋" with type: "T", Formatted:93568, 钉鞋, T, null, outd, null
310 : found word "钥匙包" with type: "T", Formatted:93582, 钥匙包, T, null, outd, null
311 : found word "钱包" with type: "T", Formatted:93588, 钱包, T, null, outd, null
312 : found word "铅笔裤" with type: "T", Formatted:93596, 铅笔裤, T, null, outd, null
313 : found word "银包" with type: "T", Formatted:93608, 银包, T, null, outd, null
314 : found word "长T" with type: "T", Formatted:93622, 长T, T, null, outd, null
315 : found word "长筒袜" with type: "T", Formatted:93623, 长筒袜, T, null, outd, null
316 : found word "长筒靴" with type: "T", Formatted:93624, 长筒靴, T, null, outd, null
317 : found word "长裙" with type: "T", Formatted:93627, 长裙, T, null, outd, null
318 : found word "长裤" with type: "T", Formatted:93628, 长裤, T, null, outd, null
319 : found word "闹钟" with type: "T", Formatted:12558, 闹钟, T, null, bags|home, null
320 : found word "防晒乳" with type: "T", Formatted:93639, 防晒乳, T, null, outd, null
321 : found word "防晒衣" with type: "T", Formatted:93641, 防晒衣, T, null, outd, null
322 : found word "防晒衫" with type: "T", Formatted:93642, 防晒衫, T, null, outd, null
323 : found word "防晒霜" with type: "T", Formatted:93645, 防晒霜, T, null, outd, null
324 : found word "防晒露" with type: "T", Formatted:93646, 防晒露, T, null, outd, null
325 : found word "雨篷" with type: "T", Formatted:93685, 雨篷, T, null, outd, null
326 : found word "雪地靴" with type: "T", Formatted:12575, 雪地靴, T, null, clth|home, null
327 : found word "雪地靴" with type: "T", Formatted:93689, 雪地靴, T, null, outd, null
328 : found word "面巾" with type: "T", Formatted:12583, 面巾, T, null, home|baby, null
329 : found word "面罩" with type: "T", Formatted:93698, 面罩, T, null, outd, null
330 : found word "面膜" with type: "T", Formatted:93699, 面膜, T, null, outd, null
331 : found word "面霜" with type: "T", Formatted:93700, 面霜, T, null, outd, null
332 : found word "靴子" with type: "T", Formatted:93702, 靴子, T, null, outd, null
333 : found word "鞋" with type: "T", Formatted:93703, 鞋, T, null, outd, null
334 : found word "风衣" with type: "T", Formatted:93724, 风衣, T, null, outd, null
335 : found word "餐桌" with type: "T", Formatted:93734, 餐桌, T, null, outd, null
336 : found word "饼干" with type: "T", Formatted:11940, 饼干, T, null, food|baby, null
337 : found word "香皂" with type: "T", Formatted:12598, 香皂, T, null, csmt|home, null
338 : found word "马甲" with type: "T", Formatted:93749, 马甲, T, null, outd, null
339 : found word "高帮鞋" with type: "T", Formatted:93798, 高帮鞋, T, null, outd, null
340 : found word "高跟鞋" with type: "T", Formatted:93803, 高跟鞋, T, null, outd, null
341 : found word "鸭舌帽" with type: "T", Formatted:93818, 鸭舌帽, T, null, outd, null
342 : found word "啤酒" with type: "T", Formatted:92267, 啤酒, T, null, outd, null
343 : found word "调味酱" with type: "T", Formatted:93394, 调味酱, T, null, outd, null
344 : found word "豆浆豆" with type: "T", Formatted:91060, 豆浆豆, T, null, appx|food, null
345 : found word "便当盒" with type: "T", Formatted:91992, 便当盒, T, null, outd, null
346 : found word "保暖靴" with type: "T", Formatted:92006, 保暖靴, T, null, outd, null
347 : found word "保暖鞋" with type: "T", Formatted:92007, 保暖鞋, T, null, outd, null
348 : found word "保温壶" with type: "T", Formatted:92009, 保温壶, T, null, outd, null
349 : found word "保温杯" with type: "T", Formatted:90703, 保温杯, T, null, appx|home|cars, null
350 : found word "保温杯" with type: "T", Formatted:92011, 保温杯, T, null, outd, null
351 : found word "保温桶" with type: "T", Formatted:92012, 保温桶, T, null, outd, null
352 : found word "保鲜盒" with type: "T", Formatted:90706, 保鲜盒, T, null, appx|home, null
353 : found word "保鲜盒" with type: "T", Formatted:92021, 保鲜盒, T, null, outd, null
354 : found word "保鲜袋" with type: "T", Formatted:92023, 保鲜袋, T, null, outd, null
355 : found word "凉席" with type: "T", Formatted:92113, 凉席, T, null, outd, null
356 : found word "卡片包" with type: "T", Formatted:92186, 卡片包, T, null, outd, null
357 : found word "压缩袋" with type: "T", Formatted:92200, 压缩袋, T, null, outd, null
358 : found word "口罩" with type: "T", Formatted:92225, 口罩, T, null, outd, null
359 : found word "口袋秤" with type: "T", Formatted:90746, 口袋秤, T, 口袋称, appx|home, null
360 : found word "台布" with type: "T", Formatted:92227, 台布, T, null, outd, null
361 : found word "咖啡壶" with type: "T", Formatted:90753, 咖啡壶, T, null, appx|home, null
362 : found word "咖啡壶" with type: "T", Formatted:92257, 咖啡壶, T, null, outd, null
363 : found word "地垫" with type: "T", Formatted:92290, 地垫, T, null, outd, null
364 : found word "坐垫" with type: "T", Formatted:92297, 坐垫, T, null, outd, null
365 : found word "垃圾桶" with type: "T", Formatted:92302, 垃圾桶, T, null, outd, null
366 : found word "帆布" with type: "T", Formatted:92418, 帆布, T, null, outd, null
367 : found word "床垫" with type: "T", Formatted:92435, 床垫, T, null, outd, null
368 : found word "座垫" with type: "T", Formatted:92442, 座垫, T, null, outd, null
369 : found word "打蛋器" with type: "T", Formatted:90809, 打蛋器, T, null, appx|home, null
370 : found word "抱枕" with type: "T", Formatted:92596, 抱枕, T, null, outd, null
371 : found word "拉花杯" with type: "T", Formatted:90846, 拉花杯, T, null, appx|home, null
372 : found word "挂扣" with type: "T", Formatted:92626, 挂扣, T, null, outd, null
373 : found word "挂钩" with type: "T", Formatted:92631, 挂钩, T, null, outd, null
374 : found word "支撑架" with type: "T", Formatted:92677, 支撑架, T, null, outd, null
375 : found word "收纳包" with type: "T", Formatted:92679, 收纳包, T, null, outd, null
376 : found word "收纳盒" with type: "T", Formatted:92682, 收纳盒, T, null, outd, null
377 : found word "收纳袋" with type: "T", Formatted:92683, 收纳袋, T, null, outd, null
378 : found word "方巾" with type: "T", Formatted:92716, 方巾, T, null, outd, null
379 : found word "暖宝宝" with type: "T", Formatted:92730, 暖宝宝, T, null, outd, null
380 : found word "枕头" with type: "T", Formatted:92753, 枕头, T, null, outd, null
381 : found word "桌布" with type: "T", Formatted:92761, 桌布, T, null, outd, null
382 : found word "毛巾" with type: "T", Formatted:92810, 毛巾, T, null, outd, null
383 : found word "毛毯" with type: "T", Formatted:92811, 毛毯, T, null, outd, null
384 : found word "水杯" with type: "T", Formatted:92834, 水杯, T, null, outd, null
385 : found word "浅盘" with type: "T", Formatted:90908, 浅盘, T, null, appx|home, null
386 : found word "浴巾" with type: "T", Formatted:92903, 浴巾, T, null, outd, null
387 : found word "火锅" with type: "T", Formatted:90921, 火锅, T, null, appx|home, null
388 : found word "点火器" with type: "T", Formatted:92984, 点火器, T, null, outd, null
389 : found word "烤盘" with type: "T", Formatted:90929, 烤盘, T, null, appx|home, null
390 : found word "烤盘" with type: "T", Formatted:92993, 烤盘, T, null, outd, null
391 : found word "烧烤盘" with type: "T", Formatted:93004, 烧烤盘, T, null, outd, null
392 : found word "电子秤" with type: "T", Formatted:90955, 电子秤, T, 电子天平, appx|home, null
393 : found word "电磁炉" with type: "T", Formatted:90975, 电磁炉, T, null, appx|home, null
394 : found word "相机包" with type: "T", Formatted:93108, 相机包, T, null, outd, null
395 : found word "碗" with type: "T", Formatted:93129, 碗, T, null, outd, null
396 : found word "磨刀石" with type: "T", Formatted:93133, 磨刀石, T, null, outd, null
397 : found word "茶具" with type: "T", Formatted:93309, 茶具, T, null, outd, null
398 : found word "茶杯" with type: "T", Formatted:93313, 茶杯, T, null, outd, null
399 : found word "茶盘" with type: "T", Formatted:91038, 茶盘, T, null, appx|home, null
400 : found word "蚊帐" with type: "T", Formatted:93325, 蚊帐, T, null, outd, null
401 : found word "被罩" with type: "T", Formatted:93347, 被罩, T, null, outd, null
402 : found word "遮阳伞" with type: "T", Formatted:93541, 遮阳伞, T, null, outd, null
403 : found word "钥匙扣" with type: "T", Formatted:93584, 钥匙扣, T, null, outd, null
404 : found word "钥匙链" with type: "T", Formatted:93587, 钥匙链, T, null, outd, null
405 : found word "铝箔纸" with type: "T", Formatted:93606, 铝箔纸, T, null, outd, null
406 : found word "隔热垫" with type: "T", Formatted:93678, 隔热垫, T, null, outd, null
407 : found word "鞋垫" with type: "T", Formatted:93705, 鞋垫, T, null, outd, null
408 : found word "餐具" with type: "T", Formatted:93731, 餐具, T, null, outd, null
409 : found word "马桶垫" with type: "T", Formatted:93748, 马桶垫, T, null, outd, null
410 : found word "1110i" with type: "M", Formatted:13073, 1110i, M, null, elex, MnB$Nokia/诺基亚^B#恒信^B
 411 : found word "14v-188" with type: "M", Formatted:13556, 14v-188, M, null, elex, MnB$DELL/戴尔^B
 412 : found word "14vr-348B" with type: "M", Formatted:13564, 14vr-348B, M, null, elex, MnB$DELL/戴尔^B
 413 : found word "14vr-348R" with type: "M", Formatted:13565, 14vr-348R, M, null, elex, MnB$DELL/戴尔^B
 414 : found word "14vr-358B" with type: "M", Formatted:13566, 14vr-358B, M, null, elex, MnB$DELL/戴尔^B
 415 : found word "14vr-358R" with type: "M", Formatted:13567, 14vr-358R, M, null, elex, MnB$DELL/戴尔^B
 416 : found word "14vr-368B" with type: "M", Formatted:13568, 14vr-368B, M, null, elex, MnB$DELL/戴尔^B
 417 : found word "14vr-368R" with type: "M", Formatted:13569, 14vr-368R, M, null, elex, MnB$DELL/戴尔^B
 418 : found word "15d-238" with type: "M", Formatted:13738, 15d-238, M, null, elex, MnB$DELL/戴尔^B
 419 : found word "15S02An" with type: "M", Formatted:13728, 15S02An, M, null, appx, MnB$Midea/美的^B

